# JRE version: Java(TM) SE Runtime Environment (10.0.1+10) (build 10.0.1+10)
# Java VM: Java HotSpot(TM) 64-Bit Server VM (10.0.1+10, mixed mode, tiered, compressed oops, g1 gc, bsd-amd64)
Heap:
 garbage-first heap   total 109568K, used 77787K [0x0000000780000000, 0x00000007c0000000)
  region size 1024K, 41 young (41984K), 3 survivors (3072K)
 Metaspace       used 79828K, capacity 81776K, committed 82508K, reserved 1122304K
  class space    used 8526K, capacity 9293K, committed 9548K, reserved 1048576K
GC Heap History (10 events):
Event: 23896.856 GC heap after
{Heap after GC invocations=58 (full 9):
 garbage-first heap   total 109568K, used 39456K [0x0000000780000000, 0x00000007c0000000)
  region size 1024K, 3 young (3072K), 3 survivors (3072K)
 Metaspace       used 79646K, capacity 81573K, committed 82252K, reserved 1122304K
  class space    used 8526K, capacity 9291K, committed 9548K, reserved 1048576K
}
Event: 28507.265 GC heap before
{Heap before GC invocations=58 (full 9):
 garbage-first heap   total 109568K, used 90656K [0x0000000780000000, 0x00000007c0000000)
  region size 1024K, 53 young (54272K), 3 survivors (3072K)
 Metaspace       used 79690K, capacity 81637K, committed 82252K, reserved 1122304K
  class space    used 8526K, capacity 9291K, committed 9548K, reserved 1048576K
}
Event: 28507.308 GC heap after
{Heap after GC invocations=59 (full 9):
 garbage-first heap   total 109568K, used 39455K [0x0000000780000000, 0x00000007c0000000)
  region size 1024K, 3 young (3072K), 3 survivors (3072K)
 Metaspace       used 79690K, capacity 81637K, committed 82252K, reserved 1122304K
  class space    used 8526K, capacity 9291K, committed 9548K, reserved 1048576K
}
Event: 32921.033 GC heap before
{Heap before GC invocations=59 (full 9):
 garbage-first heap   total 109568K, used 90655K [0x0000000780000000, 0x00000007c0000000)
  region size 1024K, 53 young (54272K), 3 survivors (3072K)
 Metaspace       used 79796K, capacity 81769K, committed 82508K, reserved 1122304K
  class space    used 8526K, capacity 9291K, committed 9548K, reserved 1048576K
}
Event: 32921.075 GC heap after
{Heap after GC invocations=60 (full 9):
 garbage-first heap   total 109568K, used 39781K [0x0000000780000000, 0x00000007c0000000)
  region size 1024K, 3 young (3072K), 3 survivors (3072K)
 Metaspace       used 79796K, capacity 81769K, committed 82508K, reserved 1122304K
  class space    used 8526K, capacity 9291K, committed 9548K, reserved 1048576K
}
Event: 37613.892 GC heap before
{Heap before GC invocations=60 (full 9):
 garbage-first heap   total 109568K, used 90981K [0x0000000780000000, 0x00000007c0000000)
  region size 1024K, 53 young (54272K), 3 survivors (3072K)
 Metaspace       used 79798K, capacity 81769K, committed 82508K, reserved 1122304K
  class space    used 8526K, capacity 9291K, committed 9548K, reserved 1048576K
}
Event: 37613.934 GC heap after
{Heap after GC invocations=61 (full 9):
 garbage-first heap   total 109568K, used 39439K [0x0000000780000000, 0x00000007c0000000)
  region size 1024K, 3 young (3072K), 3 survivors (3072K)
 Metaspace       used 79798K, capacity 81769K, committed 82508K, reserved 1122304K
  class space    used 8526K, capacity 9291K, committed 9548K, reserved 1048576K
}
Event: 42038.602 GC heap before
{Heap before GC invocations=61 (full 9):
 garbage-first heap   total 109568K, used 90639K [0x0000000780000000, 0x00000007c0000000)
  region size 1024K, 53 young (54272K), 3 survivors (3072K)
 Metaspace       used 79813K, capacity 81770K, committed 82508K, reserved 1122304K
  class space    used 8526K, capacity 9291K, committed 9548K, reserved 1048576K
}
Event: 42038.638 GC heap after
{Heap after GC invocations=62 (full 9):
 garbage-first heap   total 109568K, used 39483K [0x0000000780000000, 0x00000007c0000000)
  region size 1024K, 3 young (3072K), 3 survivors (3072K)
 Metaspace       used 79813K, capacity 81770K, committed 82508K, reserved 1122304K
  class space    used 8526K, capacity 9291K, committed 9548K, reserved 1048576K
}
Event: 45273.028 GC heap before
{Heap before GC invocations=62 (full 9):
 garbage-first heap   total 109568K, used 77371K [0x0000000780000000, 0x00000007c0000000)
  region size 1024K, 41 young (41984K), 3 survivors (3072K)
 Metaspace       used 79828K, capacity 81776K, committed 82508K, reserved 1122304K
  class space    used 8526K, capacity 9293K, committed 9548K, reserved 1048576K
}

